<?xml version="1.0" encoding="UTF-8"?>
<robot generator="Robot 6.1.1 (Python 3.11.3 on win32)" generated="20231208 23:44:36.231" rpa="false" schemaversion="4">
<suite id="s1" name="Products Test" source="C:\Users\carol\OneDrive\Documents\test-velv\Tests\products_test.robot">
<test id="s1-t1" name="Scenario - Adding Products to the Cart" line="9">
<kw name="Open the browser" library="products_resources" type="SETUP">
<kw name="Open Browser" library="SeleniumLibrary">
<arg>browser=${BROWSER}</arg>
<arg>options=add_experimental_option("detach", True)</arg>
<doc>Opens a new browser instance to the optional ``url``.</doc>
<msg timestamp="20231208 23:44:36.475" level="INFO">Opening browser 'chrome' to base url 'None'.</msg>
<status status="PASS" starttime="20231208 23:44:36.475" endtime="20231208 23:44:38.971"/>
</kw>
<kw name="Maximize Browser Window" library="SeleniumLibrary">
<doc>Maximizes current browser window.</doc>
<status status="PASS" starttime="20231208 23:44:38.973" endtime="20231208 23:44:39.109"/>
</kw>
<kw name="Go To" library="SeleniumLibrary">
<arg>url=${URL}</arg>
<doc>Navigates the current browser window to the provided ``url``.</doc>
<msg timestamp="20231208 23:44:39.110" level="INFO">Opening url 'https://automationexercise.com/'</msg>
<status status="PASS" starttime="20231208 23:44:39.110" endtime="20231208 23:44:44.217"/>
</kw>
<kw name="Click Element" library="SeleniumLibrary">
<arg>css=${PRODUCTS_MENU}</arg>
<doc>Click the element identified by ``locator``.</doc>
<msg timestamp="20231208 23:44:44.218" level="INFO">Clicking element 'css=a .material-icons.card_travel'.</msg>
<status status="PASS" starttime="20231208 23:44:44.217" endtime="20231208 23:44:51.526"/>
</kw>
<kw name="Wait Until Element Is Visible" library="SeleniumLibrary">
<arg>css=${CATEGORY}</arg>
<doc>Waits until the element ``locator`` is visible.</doc>
<status status="PASS" starttime="20231208 23:44:51.527" endtime="20231208 23:44:51.605"/>
</kw>
<status status="PASS" starttime="20231208 23:44:36.475" endtime="20231208 23:44:51.605"/>
</kw>
<kw name="Given I am on the 'Products' Page" library="productsPage">
<kw name="Click Element" library="SeleniumLibrary">
<arg>css=${PRODUCTS_MENU}</arg>
<doc>Click the element identified by ``locator``.</doc>
<msg timestamp="20231208 23:44:51.607" level="INFO">Clicking element 'css=a .material-icons.card_travel'.</msg>
<status status="PASS" starttime="20231208 23:44:51.606" endtime="20231208 23:44:56.747"/>
</kw>
<kw name="Wait Until Element Is Visible" library="SeleniumLibrary">
<arg>css=${CATEGORY}</arg>
<doc>Waits until the element ``locator`` is visible.</doc>
<status status="PASS" starttime="20231208 23:44:56.747" endtime="20231208 23:44:56.777"/>
</kw>
<status status="PASS" starttime="20231208 23:44:51.606" endtime="20231208 23:44:56.777"/>
</kw>
<kw name="And I verify that the search bar is visible" library="productsPage">
<kw name="Element Should Be Visible" library="SeleniumLibrary">
<arg>css=${SEARCH_BAR}</arg>
<doc>Verifies that the element identified by ``locator`` is visible.</doc>
<msg timestamp="20231208 23:44:56.818" level="INFO">Element 'css=input#search_product' is displayed.</msg>
<status status="PASS" starttime="20231208 23:44:56.778" endtime="20231208 23:44:56.820"/>
</kw>
<status status="PASS" starttime="20231208 23:44:56.778" endtime="20231208 23:44:56.820"/>
</kw>
<kw name="And I enter &quot;Men Tshirt&quot; in the search bar" library="productsPage" sourcename="And I enter &quot;${ITEM}&quot; in the search bar">
<kw name="Click Element" library="SeleniumLibrary">
<arg>css=${SEARCH_BAR}</arg>
<doc>Click the element identified by ``locator``.</doc>
<msg timestamp="20231208 23:44:56.822" level="INFO">Clicking element 'css=input#search_product'.</msg>
<status status="PASS" starttime="20231208 23:44:56.821" endtime="20231208 23:44:56.948"/>
</kw>
<kw name="Input Text" library="SeleniumLibrary">
<arg>css=${SEARCH_BAR}</arg>
<arg>text=${ITEM}</arg>
<doc>Types the given ``text`` into the text field identified by ``locator``.</doc>
<msg timestamp="20231208 23:44:56.950" level="INFO">Typing text 'Men Tshirt' into text field 'css=input#search_product'.</msg>
<status status="PASS" starttime="20231208 23:44:56.948" endtime="20231208 23:44:57.285"/>
</kw>
<status status="PASS" starttime="20231208 23:44:56.821" endtime="20231208 23:44:57.285"/>
</kw>
<kw name="And I click on the search button and the item &quot;Men Tshirt&quot; is Visible" library="productsPage" sourcename="And I click on the search button and the item &quot;${ITEM}&quot; is visible">
<kw name="Click Element" library="SeleniumLibrary">
<arg>css=${SEARCH_BUTTON}</arg>
<doc>Click the element identified by ``locator``.</doc>
<msg timestamp="20231208 23:44:57.287" level="INFO">Clicking element 'css=button#submit_search'.</msg>
<status status="PASS" starttime="20231208 23:44:57.286" endtime="20231208 23:44:58.175"/>
</kw>
<kw name="Element Text Should Be" library="SeleniumLibrary">
<arg>css=${PRODUCT_TEXT}</arg>
<arg>${ITEM}</arg>
<doc>Verifies that element ``locator`` contains exact the text ``expected``.</doc>
<msg timestamp="20231208 23:44:58.177" level="INFO">Verifying element 'css=div.productinfo&gt;p' contains exact text 'Men Tshirt'.</msg>
<status status="PASS" starttime="20231208 23:44:58.176" endtime="20231208 23:44:58.218"/>
</kw>
<status status="PASS" starttime="20231208 23:44:57.286" endtime="20231208 23:44:58.218"/>
</kw>
<kw name="Close the browser" library="products_resources" type="TEARDOWN">
<kw name="Capture Page Screenshot" library="SeleniumLibrary">
<doc>Takes a screenshot of the current page and embeds it into a log file.</doc>
<msg timestamp="20231208 23:44:58.362" level="INFO" html="true">&lt;/td&gt;&lt;/tr&gt;&lt;tr&gt;&lt;td colspan="3"&gt;&lt;a href="selenium-screenshot-2.png"&gt;&lt;img src="selenium-screenshot-2.png" width="800px"&gt;&lt;/a&gt;</msg>
<status status="PASS" starttime="20231208 23:44:58.219" endtime="20231208 23:44:58.363"/>
</kw>
<kw name="Close Browser" library="SeleniumLibrary">
<doc>Closes the current browser.</doc>
<status status="PASS" starttime="20231208 23:44:58.364" endtime="20231208 23:45:00.652"/>
</kw>
<status status="PASS" starttime="20231208 23:44:58.218" endtime="20231208 23:45:00.653"/>
</kw>
<doc>This test validates the functionality of searching and adding items to the cart</doc>
<tag>addingToCart</tag>
<status status="PASS" starttime="20231208 23:44:36.474" endtime="20231208 23:45:00.653"/>
</test>
<doc>This Suite tests the "automationexercise.com" webiste</doc>
<status status="PASS" starttime="20231208 23:44:36.233" endtime="20231208 23:45:00.656"/>
</suite>
<statistics>
<total>
<stat pass="1" fail="0" skip="0">All Tests</stat>
</total>
<tag>
<stat pass="1" fail="0" skip="0">addingToCart</stat>
</tag>
<suite>
<stat pass="1" fail="0" skip="0" id="s1" name="Products Test">Products Test</stat>
</suite>
</statistics>
<errors>
</errors>
</robot>
